<?xml version="1.0" encoding="UTF-8"?>
<robot generator="Robot 3.1.2 (Python 3.8.1 on win32)" generated="20200219 12:29:55.873" rpa="false">
<suite id="s1" name="VisualLinx2" source="C:\Users\matheus.falcirolli\PycharmProjects\LinxProject\RobotFrameworkDesktop\VisualLinx2.robot">
<test id="s1-t1" name="Status do(s) usuario(s):">
<kw name="Login">
<kw name="Mouse Click" library="AutoItLibrary">
<doc>method MouseClick</doc>
<arguments>
<arg>LEFT</arg>
<arg>112</arg>
<arg>1016</arg>
<arg>2</arg>
</arguments>
<status status="PASS" starttime="20200219 12:29:56.242" endtime="20200219 12:29:56.821"></status>
</kw>
<kw name="Win Wait" library="AutoItLibrary">
<doc>Direct wrapper for AutoIt's WinWait method.</doc>
<arguments>
<arg>Visual Linx</arg>
<arg>Login</arg>
<arg>20</arg>
</arguments>
<msg timestamp="20200219 12:30:02.699" level="INFO">AutoItLibrary.WinWait(WindowTitle='Visual Linx', WindowText='Login', TimeOut=20)</msg>
<status status="PASS" starttime="20200219 12:29:56.821" endtime="20200219 12:30:02.699"></status>
</kw>
<kw name="Mouse Click" library="AutoItLibrary">
<doc>method MouseClick</doc>
<arguments>
<arg>LEFT</arg>
<arg>918</arg>
<arg>431</arg>
<arg>2</arg>
</arguments>
<status status="PASS" starttime="20200219 12:30:02.699" endtime="20200219 12:30:03.313"></status>
</kw>
<kw name="Send" library="AutoItLibrary">
<doc>method Send</doc>
<arguments>
<arg>{BS}</arg>
</arguments>
<status status="PASS" starttime="20200219 12:30:03.313" endtime="20200219 12:30:03.323"></status>
</kw>
<kw name="Send" library="AutoItLibrary">
<doc>method Send</doc>
<arguments>
<arg>A-SRVMTZ0055</arg>
</arguments>
<status status="PASS" starttime="20200219 12:30:03.323" endtime="20200219 12:30:03.517"></status>
</kw>
<kw name="Mouse Click" library="AutoItLibrary">
<doc>method MouseClick</doc>
<arguments>
<arg>LEFT</arg>
<arg>1031</arg>
<arg>676</arg>
<arg>1</arg>
</arguments>
<status status="PASS" starttime="20200219 12:30:03.517" endtime="20200219 12:30:04.027"></status>
</kw>
<kw name="Win Wait Active" library="AutoItLibrary">
<doc>Direct wrapper for AutoIt's WinWaitActive method.</doc>
<arguments>
<arg>Visual Linx - Linx Sist. E Consultoria</arg>
</arguments>
<msg timestamp="20200219 12:30:09.085" level="INFO">AutoItLibrary.WinWaitActive(WindowTitle='Visual Linx - Linx Sist. E Consultoria', WindowText='', TimeOut=60)</msg>
<status status="PASS" starttime="20200219 12:30:04.027" endtime="20200219 12:30:09.085"></status>
</kw>
<kw name="Sleep" library="BuiltIn">
<doc>Pauses the test executed for the given time.</doc>
<arguments>
<arg>2</arg>
</arguments>
<msg timestamp="20200219 12:30:11.086" level="INFO">Slept 2 seconds</msg>
<status status="PASS" starttime="20200219 12:30:09.086" endtime="20200219 12:30:11.086"></status>
</kw>
<status status="PASS" starttime="20200219 12:29:56.241" endtime="20200219 12:30:11.086"></status>
</kw>
<kw name="Open Cadastro de Contatos">
<kw name="Mouse Move" library="AutoItLibrary">
<doc>method MouseMove</doc>
<arguments>
<arg>1919</arg>
<arg>123</arg>
</arguments>
<status status="PASS" starttime="20200219 12:30:11.087" endtime="20200219 12:30:11.644"></status>
</kw>
<kw name="Mouse Move" library="AutoItLibrary">
<doc>method MouseMove</doc>
<arguments>
<arg>1880</arg>
<arg>123</arg>
</arguments>
<status status="PASS" starttime="20200219 12:30:11.644" endtime="20200219 12:30:11.887"></status>
</kw>
<kw name="Mouse Click" library="AutoItLibrary">
<doc>method MouseClick</doc>
<arguments>
<arg>LEFT</arg>
<arg>1900</arg>
<arg>123</arg>
<arg>1</arg>
</arguments>
<status status="PASS" starttime="20200219 12:30:11.887" endtime="20200219 12:30:12.102"></status>
</kw>
<kw name="Sleep" library="BuiltIn">
<doc>Pauses the test executed for the given time.</doc>
<arguments>
<arg>1</arg>
</arguments>
<msg timestamp="20200219 12:30:13.103" level="INFO">Slept 1 second</msg>
<status status="PASS" starttime="20200219 12:30:12.102" endtime="20200219 12:30:13.103"></status>
</kw>
<kw name="Mouse Move" library="AutoItLibrary">
<doc>method MouseMove</doc>
<arguments>
<arg>1690</arg>
<arg>185</arg>
</arguments>
<status status="PASS" starttime="20200219 12:30:13.104" endtime="20200219 12:30:13.513"></status>
</kw>
<kw name="Mouse Move" library="AutoItLibrary">
<doc>method MouseMove</doc>
<arguments>
<arg>1500</arg>
<arg>185</arg>
</arguments>
<status status="PASS" starttime="20200219 12:30:13.513" endtime="20200219 12:30:13.908"></status>
</kw>
<kw name="Mouse Click" library="AutoItLibrary">
<doc>method MouseClick</doc>
<arguments>
<arg>LEFT</arg>
<arg>1500</arg>
<arg>255</arg>
<arg>1</arg>
</arguments>
<status status="PASS" starttime="20200219 12:30:13.908" endtime="20200219 12:30:14.286"></status>
</kw>
<kw name="Log To Console" library="BuiltIn">
<doc>Logs the given message to the console.</doc>
<arguments>
<arg>Status de usuarios:</arg>
</arguments>
<status status="PASS" starttime="20200219 12:30:14.286" endtime="20200219 12:30:14.287"></status>
</kw>
<kw name="Sleep" library="BuiltIn">
<doc>Pauses the test executed for the given time.</doc>
<arguments>
<arg>16</arg>
</arguments>
<msg timestamp="20200219 12:30:30.288" level="INFO">Slept 16 seconds</msg>
<status status="PASS" starttime="20200219 12:30:14.287" endtime="20200219 12:30:30.288"></status>
</kw>
<status status="PASS" starttime="20200219 12:30:11.086" endtime="20200219 12:30:30.289"></status>
</kw>
<kw name="Teste de Usuário 1">
<kw name="${i} IN [ @{Users} ]" type="for">
<kw name="${i} = Matheus.Falcirolli" type="foritem">
<kw name="Mouse Click" library="AutoItLibrary">
<doc>method MouseClick</doc>
<arguments>
<arg>LEFT</arg>
<arg>182</arg>
<arg>106</arg>
<arg>1</arg>
</arguments>
<status status="PASS" starttime="20200219 12:30:30.291" endtime="20200219 12:30:30.904"></status>
</kw>
<kw name="Send" library="AutoItLibrary">
<doc>method Send</doc>
<arguments>
<arg>${i}</arg>
</arguments>
<status status="PASS" starttime="20200219 12:30:30.904" endtime="20200219 12:30:31.105"></status>
</kw>
<kw name="Mouse Click" library="AutoItLibrary">
<doc>method MouseClick</doc>
<arguments>
<arg>LEFT</arg>
<arg>561</arg>
<arg>39</arg>
<arg>1</arg>
</arguments>
<status status="PASS" starttime="20200219 12:30:31.105" endtime="20200219 12:30:31.592"></status>
</kw>
<kw name="Sleep" library="BuiltIn">
<doc>Pauses the test executed for the given time.</doc>
<arguments>
<arg>7</arg>
</arguments>
<msg timestamp="20200219 12:30:38.594" level="INFO">Slept 7 seconds</msg>
<status status="PASS" starttime="20200219 12:30:31.592" endtime="20200219 12:30:38.594"></status>
</kw>
<kw name="Pixel Get Color" library="AutoItLibrary">
<doc>method PixelGetColor</doc>
<arguments>
<arg>1177</arg>
<arg>661</arg>
</arguments>
<assign>
<var>${Color}</var>
</assign>
<msg timestamp="20200219 12:30:38.608" level="INFO">${Color} = 2</msg>
<status status="PASS" starttime="20200219 12:30:38.595" endtime="20200219 12:30:38.608"></status>
</kw>
<kw name="Run Keyword If" library="BuiltIn">
<doc>Runs the given keyword with the given arguments, if ``condition`` is true.</doc>
<arguments>
<arg>${Color} == 0xE1E1E1</arg>
<arg>MouseClick</arg>
<arg>LEFT</arg>
<arg>1151</arg>
<arg>660</arg>
<arg>1</arg>
</arguments>
<status status="PASS" starttime="20200219 12:30:38.608" endtime="20200219 12:30:38.608"></status>
</kw>
<kw name="Run Keyword If" library="BuiltIn">
<doc>Runs the given keyword with the given arguments, if ``condition`` is true.</doc>
<arguments>
<arg>${Color} == 0xE1E1E1</arg>
<arg>Sleep</arg>
<arg>1</arg>
</arguments>
<status status="PASS" starttime="20200219 12:30:38.609" endtime="20200219 12:30:38.609"></status>
</kw>
<kw name="Run Keyword If" library="BuiltIn">
<doc>Runs the given keyword with the given arguments, if ``condition`` is true.</doc>
<arguments>
<arg>${Color} == 0xE1E1E1</arg>
<arg>MouseClick</arg>
<arg>LEFT</arg>
<arg>182</arg>
<arg>106</arg>
<arg>3</arg>
</arguments>
<status status="PASS" starttime="20200219 12:30:38.609" endtime="20200219 12:30:38.609"></status>
</kw>
<kw name="Run Keyword If" library="BuiltIn">
<doc>Runs the given keyword with the given arguments, if ``condition`` is true.</doc>
<arguments>
<arg>${Color} == 0xE1E1E1</arg>
<arg>Send</arg>
<arg>{BS}</arg>
</arguments>
<status status="PASS" starttime="20200219 12:30:38.609" endtime="20200219 12:30:38.610"></status>
</kw>
<kw name="Run Keyword If" library="BuiltIn">
<doc>Runs the given keyword with the given arguments, if ``condition`` is true.</doc>
<arguments>
<arg>${Color} == 0xE1E1E1</arg>
<arg>Log to console</arg>
<arg>${i} - Inexistente</arg>
</arguments>
<status status="PASS" starttime="20200219 12:30:38.610" endtime="20200219 12:30:38.610"></status>
</kw>
<kw name="Run Keyword If" library="BuiltIn">
<doc>Runs the given keyword with the given arguments, if ``condition`` is true.</doc>
<arguments>
<arg>${Color} == 0x000002</arg>
<arg>MouseClick</arg>
<arg>LEFT</arg>
<arg>527</arg>
<arg>40</arg>
<arg>1</arg>
</arguments>
<kw name="Mouse Click" library="AutoItLibrary">
<doc>method MouseClick</doc>
<arguments>
<arg>LEFT</arg>
<arg>527</arg>
<arg>40</arg>
<arg>1</arg>
</arguments>
<status status="PASS" starttime="20200219 12:30:38.610" endtime="20200219 12:30:38.877"></status>
</kw>
<status status="PASS" starttime="20200219 12:30:38.610" endtime="20200219 12:30:38.877"></status>
</kw>
<kw name="Run Keyword If" library="BuiltIn">
<doc>Runs the given keyword with the given arguments, if ``condition`` is true.</doc>
<arguments>
<arg>${Color} == 0x000002</arg>
<arg>Log to console</arg>
<arg>${i} - Existente</arg>
</arguments>
<kw name="Log To Console" library="BuiltIn">
<doc>Logs the given message to the console.</doc>
<arguments>
<arg>${i} - Existente</arg>
</arguments>
<status status="PASS" starttime="20200219 12:30:38.878" endtime="20200219 12:30:38.879"></status>
</kw>
<status status="PASS" starttime="20200219 12:30:38.878" endtime="20200219 12:30:38.879"></status>
</kw>
<kw name="Sleep" library="BuiltIn">
<doc>Pauses the test executed for the given time.</doc>
<arguments>
<arg>5</arg>
</arguments>
<msg timestamp="20200219 12:30:43.880" level="INFO">Slept 5 seconds</msg>
<status status="PASS" starttime="20200219 12:30:38.879" endtime="20200219 12:30:43.880"></status>
</kw>
<status status="PASS" starttime="20200219 12:30:30.291" endtime="20200219 12:30:43.880"></status>
</kw>
<kw name="${i} = Joice.Duarte" type="foritem">
<kw name="Mouse Click" library="AutoItLibrary">
<doc>method MouseClick</doc>
<arguments>
<arg>LEFT</arg>
<arg>182</arg>
<arg>106</arg>
<arg>1</arg>
</arguments>
<status status="PASS" starttime="20200219 12:30:43.881" endtime="20200219 12:30:44.366"></status>
</kw>
<kw name="Send" library="AutoItLibrary">
<doc>method Send</doc>
<arguments>
<arg>${i}</arg>
</arguments>
<status status="PASS" starttime="20200219 12:30:44.366" endtime="20200219 12:30:44.509"></status>
</kw>
<kw name="Mouse Click" library="AutoItLibrary">
<doc>method MouseClick</doc>
<arguments>
<arg>LEFT</arg>
<arg>561</arg>
<arg>39</arg>
<arg>1</arg>
</arguments>
<status status="PASS" starttime="20200219 12:30:44.509" endtime="20200219 12:30:44.995"></status>
</kw>
<kw name="Sleep" library="BuiltIn">
<doc>Pauses the test executed for the given time.</doc>
<arguments>
<arg>7</arg>
</arguments>
<msg timestamp="20200219 12:30:51.997" level="INFO">Slept 7 seconds</msg>
<status status="PASS" starttime="20200219 12:30:44.996" endtime="20200219 12:30:51.997"></status>
</kw>
<kw name="Pixel Get Color" library="AutoItLibrary">
<doc>method PixelGetColor</doc>
<arguments>
<arg>1177</arg>
<arg>661</arg>
</arguments>
<assign>
<var>${Color}</var>
</assign>
<msg timestamp="20200219 12:30:52.006" level="INFO">${Color} = 14803425</msg>
<status status="PASS" starttime="20200219 12:30:51.998" endtime="20200219 12:30:52.006"></status>
</kw>
<kw name="Run Keyword If" library="BuiltIn">
<doc>Runs the given keyword with the given arguments, if ``condition`` is true.</doc>
<arguments>
<arg>${Color} == 0xE1E1E1</arg>
<arg>MouseClick</arg>
<arg>LEFT</arg>
<arg>1151</arg>
<arg>660</arg>
<arg>1</arg>
</arguments>
<kw name="Mouse Click" library="AutoItLibrary">
<doc>method MouseClick</doc>
<arguments>
<arg>LEFT</arg>
<arg>1151</arg>
<arg>660</arg>
<arg>1</arg>
</arguments>
<status status="PASS" starttime="20200219 12:30:52.006" endtime="20200219 12:30:52.608"></status>
</kw>
<status status="PASS" starttime="20200219 12:30:52.006" endtime="20200219 12:30:52.608"></status>
</kw>
<kw name="Run Keyword If" library="BuiltIn">
<doc>Runs the given keyword with the given arguments, if ``condition`` is true.</doc>
<arguments>
<arg>${Color} == 0xE1E1E1</arg>
<arg>Sleep</arg>
<arg>1</arg>
</arguments>
<kw name="Sleep" library="BuiltIn">
<doc>Pauses the test executed for the given time.</doc>
<arguments>
<arg>1</arg>
</arguments>
<msg timestamp="20200219 12:30:53.610" level="INFO">Slept 1 second</msg>
<status status="PASS" starttime="20200219 12:30:52.609" endtime="20200219 12:30:53.610"></status>
</kw>
<status status="PASS" starttime="20200219 12:30:52.609" endtime="20200219 12:30:53.610"></status>
</kw>
<kw name="Run Keyword If" library="BuiltIn">
<doc>Runs the given keyword with the given arguments, if ``condition`` is true.</doc>
<arguments>
<arg>${Color} == 0xE1E1E1</arg>
<arg>MouseClick</arg>
<arg>LEFT</arg>
<arg>182</arg>
<arg>106</arg>
<arg>3</arg>
</arguments>
<kw name="Mouse Click" library="AutoItLibrary">
<doc>method MouseClick</doc>
<arguments>
<arg>LEFT</arg>
<arg>182</arg>
<arg>106</arg>
<arg>3</arg>
</arguments>
<status status="PASS" starttime="20200219 12:30:53.610" endtime="20200219 12:30:54.233"></status>
</kw>
<status status="PASS" starttime="20200219 12:30:53.610" endtime="20200219 12:30:54.233"></status>
</kw>
<kw name="Run Keyword If" library="BuiltIn">
<doc>Runs the given keyword with the given arguments, if ``condition`` is true.</doc>
<arguments>
<arg>${Color} == 0xE1E1E1</arg>
<arg>Send</arg>
<arg>{BS}</arg>
</arguments>
<kw name="Send" library="AutoItLibrary">
<doc>method Send</doc>
<arguments>
<arg>{BS}</arg>
</arguments>
<status status="PASS" starttime="20200219 12:30:54.233" endtime="20200219 12:30:54.244"></status>
</kw>
<status status="PASS" starttime="20200219 12:30:54.233" endtime="20200219 12:30:54.244"></status>
</kw>
<kw name="Run Keyword If" library="BuiltIn">
<doc>Runs the given keyword with the given arguments, if ``condition`` is true.</doc>
<arguments>
<arg>${Color} == 0xE1E1E1</arg>
<arg>Log to console</arg>
<arg>${i} - Inexistente</arg>
</arguments>
<kw name="Log To Console" library="BuiltIn">
<doc>Logs the given message to the console.</doc>
<arguments>
<arg>${i} - Inexistente</arg>
</arguments>
<status status="PASS" starttime="20200219 12:30:54.244" endtime="20200219 12:30:54.244"></status>
</kw>
<status status="PASS" starttime="20200219 12:30:54.244" endtime="20200219 12:30:54.244"></status>
</kw>
<kw name="Run Keyword If" library="BuiltIn">
<doc>Runs the given keyword with the given arguments, if ``condition`` is true.</doc>
<arguments>
<arg>${Color} == 0x000002</arg>
<arg>MouseClick</arg>
<arg>LEFT</arg>
<arg>527</arg>
<arg>40</arg>
<arg>1</arg>
</arguments>
<status status="PASS" starttime="20200219 12:30:54.245" endtime="20200219 12:30:54.245"></status>
</kw>
<kw name="Run Keyword If" library="BuiltIn">
<doc>Runs the given keyword with the given arguments, if ``condition`` is true.</doc>
<arguments>
<arg>${Color} == 0x000002</arg>
<arg>Log to console</arg>
<arg>${i} - Existente</arg>
</arguments>
<status status="PASS" starttime="20200219 12:30:54.245" endtime="20200219 12:30:54.245"></status>
</kw>
<kw name="Sleep" library="BuiltIn">
<doc>Pauses the test executed for the given time.</doc>
<arguments>
<arg>5</arg>
</arguments>
<msg timestamp="20200219 12:30:59.246" level="INFO">Slept 5 seconds</msg>
<status status="PASS" starttime="20200219 12:30:54.245" endtime="20200219 12:30:59.246"></status>
</kw>
<status status="PASS" starttime="20200219 12:30:43.881" endtime="20200219 12:30:59.247"></status>
</kw>
<kw name="${i} = Andrezza.Falcirolli" type="foritem">
<kw name="Mouse Click" library="AutoItLibrary">
<doc>method MouseClick</doc>
<arguments>
<arg>LEFT</arg>
<arg>182</arg>
<arg>106</arg>
<arg>1</arg>
</arguments>
<status status="PASS" starttime="20200219 12:30:59.248" endtime="20200219 12:30:59.299"></status>
</kw>
<kw name="Send" library="AutoItLibrary">
<doc>method Send</doc>
<arguments>
<arg>${i}</arg>
</arguments>
<status status="PASS" starttime="20200219 12:30:59.299" endtime="20200219 12:30:59.510"></status>
</kw>
<kw name="Mouse Click" library="AutoItLibrary">
<doc>method MouseClick</doc>
<arguments>
<arg>LEFT</arg>
<arg>561</arg>
<arg>39</arg>
<arg>1</arg>
</arguments>
<status status="PASS" starttime="20200219 12:30:59.510" endtime="20200219 12:30:59.998"></status>
</kw>
<kw name="Sleep" library="BuiltIn">
<doc>Pauses the test executed for the given time.</doc>
<arguments>
<arg>7</arg>
</arguments>
<msg timestamp="20200219 12:31:06.999" level="INFO">Slept 7 seconds</msg>
<status status="PASS" starttime="20200219 12:30:59.998" endtime="20200219 12:31:06.999"></status>
</kw>
<kw name="Pixel Get Color" library="AutoItLibrary">
<doc>method PixelGetColor</doc>
<arguments>
<arg>1177</arg>
<arg>661</arg>
</arguments>
<assign>
<var>${Color}</var>
</assign>
<msg timestamp="20200219 12:31:07.020" level="INFO">${Color} = 14803425</msg>
<status status="PASS" starttime="20200219 12:31:07.000" endtime="20200219 12:31:07.020"></status>
</kw>
<kw name="Run Keyword If" library="BuiltIn">
<doc>Runs the given keyword with the given arguments, if ``condition`` is true.</doc>
<arguments>
<arg>${Color} == 0xE1E1E1</arg>
<arg>MouseClick</arg>
<arg>LEFT</arg>
<arg>1151</arg>
<arg>660</arg>
<arg>1</arg>
</arguments>
<kw name="Mouse Click" library="AutoItLibrary">
<doc>method MouseClick</doc>
<arguments>
<arg>LEFT</arg>
<arg>1151</arg>
<arg>660</arg>
<arg>1</arg>
</arguments>
<status status="PASS" starttime="20200219 12:31:07.021" endtime="20200219 12:31:07.622"></status>
</kw>
<status status="PASS" starttime="20200219 12:31:07.020" endtime="20200219 12:31:07.622"></status>
</kw>
<kw name="Run Keyword If" library="BuiltIn">
<doc>Runs the given keyword with the given arguments, if ``condition`` is true.</doc>
<arguments>
<arg>${Color} == 0xE1E1E1</arg>
<arg>Sleep</arg>
<arg>1</arg>
</arguments>
<kw name="Sleep" library="BuiltIn">
<doc>Pauses the test executed for the given time.</doc>
<arguments>
<arg>1</arg>
</arguments>
<msg timestamp="20200219 12:31:08.625" level="INFO">Slept 1 second</msg>
<status status="PASS" starttime="20200219 12:31:07.623" endtime="20200219 12:31:08.625"></status>
</kw>
<status status="PASS" starttime="20200219 12:31:07.622" endtime="20200219 12:31:08.625"></status>
</kw>
<kw name="Run Keyword If" library="BuiltIn">
<doc>Runs the given keyword with the given arguments, if ``condition`` is true.</doc>
<arguments>
<arg>${Color} == 0xE1E1E1</arg>
<arg>MouseClick</arg>
<arg>LEFT</arg>
<arg>182</arg>
<arg>106</arg>
<arg>3</arg>
</arguments>
<kw name="Mouse Click" library="AutoItLibrary">
<doc>method MouseClick</doc>
<arguments>
<arg>LEFT</arg>
<arg>182</arg>
<arg>106</arg>
<arg>3</arg>
</arguments>
<status status="PASS" starttime="20200219 12:31:08.625" endtime="20200219 12:31:09.247"></status>
</kw>
<status status="PASS" starttime="20200219 12:31:08.625" endtime="20200219 12:31:09.247"></status>
</kw>
<kw name="Run Keyword If" library="BuiltIn">
<doc>Runs the given keyword with the given arguments, if ``condition`` is true.</doc>
<arguments>
<arg>${Color} == 0xE1E1E1</arg>
<arg>Send</arg>
<arg>{BS}</arg>
</arguments>
<kw name="Send" library="AutoItLibrary">
<doc>method Send</doc>
<arguments>
<arg>{BS}</arg>
</arguments>
<status status="PASS" starttime="20200219 12:31:09.248" endtime="20200219 12:31:09.258"></status>
</kw>
<status status="PASS" starttime="20200219 12:31:09.248" endtime="20200219 12:31:09.258"></status>
</kw>
<kw name="Run Keyword If" library="BuiltIn">
<doc>Runs the given keyword with the given arguments, if ``condition`` is true.</doc>
<arguments>
<arg>${Color} == 0xE1E1E1</arg>
<arg>Log to console</arg>
<arg>${i} - Inexistente</arg>
</arguments>
<kw name="Log To Console" library="BuiltIn">
<doc>Logs the given message to the console.</doc>
<arguments>
<arg>${i} - Inexistente</arg>
</arguments>
<status status="PASS" starttime="20200219 12:31:09.259" endtime="20200219 12:31:09.259"></status>
</kw>
<status status="PASS" starttime="20200219 12:31:09.259" endtime="20200219 12:31:09.259"></status>
</kw>
<kw name="Run Keyword If" library="BuiltIn">
<doc>Runs the given keyword with the given arguments, if ``condition`` is true.</doc>
<arguments>
<arg>${Color} == 0x000002</arg>
<arg>MouseClick</arg>
<arg>LEFT</arg>
<arg>527</arg>
<arg>40</arg>
<arg>1</arg>
</arguments>
<status status="PASS" starttime="20200219 12:31:09.259" endtime="20200219 12:31:09.260"></status>
</kw>
<kw name="Run Keyword If" library="BuiltIn">
<doc>Runs the given keyword with the given arguments, if ``condition`` is true.</doc>
<arguments>
<arg>${Color} == 0x000002</arg>
<arg>Log to console</arg>
<arg>${i} - Existente</arg>
</arguments>
<status status="PASS" starttime="20200219 12:31:09.260" endtime="20200219 12:31:09.260"></status>
</kw>
<kw name="Sleep" library="BuiltIn">
<doc>Pauses the test executed for the given time.</doc>
<arguments>
<arg>5</arg>
</arguments>
<msg timestamp="20200219 12:31:14.260" level="INFO">Slept 5 seconds</msg>
<status status="PASS" starttime="20200219 12:31:09.260" endtime="20200219 12:31:14.260"></status>
</kw>
<status status="PASS" starttime="20200219 12:30:59.247" endtime="20200219 12:31:14.260"></status>
</kw>
<status status="PASS" starttime="20200219 12:30:30.291" endtime="20200219 12:31:14.260"></status>
</kw>
<status status="PASS" starttime="20200219 12:30:30.290" endtime="20200219 12:31:14.261"></status>
</kw>
<kw name="Close Window">
<kw name="Mouse Click" library="AutoItLibrary">
<doc>method MouseClick</doc>
<arguments>
<arg>LEFT</arg>
<arg>882</arg>
<arg>40</arg>
<arg>1</arg>
</arguments>
<status status="PASS" starttime="20200219 12:31:14.263" endtime="20200219 12:31:14.830"></status>
</kw>
<kw name="Sleep" library="BuiltIn">
<doc>Pauses the test executed for the given time.</doc>
<arguments>
<arg>1</arg>
</arguments>
<msg timestamp="20200219 12:31:15.832" level="INFO">Slept 1 second</msg>
<status status="PASS" starttime="20200219 12:31:14.830" endtime="20200219 12:31:15.832"></status>
</kw>
<kw name="Mouse Click" library="AutoItLibrary">
<doc>method MouseClick</doc>
<arguments>
<arg>LEFT</arg>
<arg>983</arg>
<arg>616</arg>
<arg>1</arg>
</arguments>
<status status="PASS" starttime="20200219 12:31:15.832" endtime="20200219 12:31:16.415"></status>
</kw>
<status status="PASS" starttime="20200219 12:31:14.262" endtime="20200219 12:31:16.416"></status>
</kw>
<status status="PASS" starttime="20200219 12:29:56.241" endtime="20200219 12:31:16.416" critical="yes"></status>
</test>
<status status="PASS" starttime="20200219 12:29:55.876" endtime="20200219 12:31:16.417"></status>
</suite>
<statistics>
<total>
<stat pass="1" fail="0">Critical Tests</stat>
<stat pass="1" fail="0">All Tests</stat>
</total>
<tag>
</tag>
<suite>
<stat pass="1" fail="0" id="s1" name="VisualLinx2">VisualLinx2</stat>
</suite>
</statistics>
<errors>
</errors>
</robot>
