<?xml version="1.0" encoding="UTF-8"?>
<robot generator="Robot 3.1.2 (Python 3.8.1 on win32)" generated="20200218 13:14:44.000" rpa="false">
<suite id="s1" name="Alerts" source="C:\Users\matheus.falcirolli\PycharmProjects\LinxProject\RobotFramework\alerts.robot">
<test id="s1-t1" name="HandlingAlerts">
<kw name="Open Browser" library="SeleniumLibrary">
<doc>Opens a new browser instance to the optional ``url``.</doc>
<arguments>
<arg>${url}</arg>
<arg>${browser}</arg>
</arguments>
<msg timestamp="20200218 13:14:45.269" level="INFO">Opening browser 'chrome' to base url 'http://testautomationpractice.blogspot.com/'.</msg>
<status status="PASS" starttime="20200218 13:14:45.267" endtime="20200218 13:14:54.337"></status>
</kw>
<kw name="Click Element" library="SeleniumLibrary">
<doc>Click the element identified by ``locator``.</doc>
<arguments>
<arg>xpath://*[@id="HTML9"]/div[1]/button</arg>
</arguments>
<msg timestamp="20200218 13:14:54.337" level="INFO">Clicking element 'xpath://*[@id="HTML9"]/div[1]/button'.</msg>
<status status="PASS" starttime="20200218 13:14:54.337" endtime="20200218 13:14:54.421"></status>
</kw>
<kw name="Sleep" library="BuiltIn">
<doc>Pauses the test executed for the given time.</doc>
<arguments>
<arg>2</arg>
</arguments>
<msg timestamp="20200218 13:14:56.423" level="INFO">Slept 2 seconds</msg>
<status status="PASS" starttime="20200218 13:14:54.422" endtime="20200218 13:14:56.423"></status>
</kw>
<kw name="Handle Alert" library="SeleniumLibrary">
<doc>Handles the current alert and returns its message.</doc>
<arguments>
<arg>accept</arg>
</arguments>
<status status="PASS" starttime="20200218 13:14:56.423" endtime="20200218 13:14:56.429"></status>
</kw>
<kw name="Close Browser" library="SeleniumLibrary">
<doc>Closes the current browser.</doc>
<status status="PASS" starttime="20200218 13:14:56.430" endtime="20200218 13:14:58.682"></status>
</kw>
<status status="PASS" starttime="20200218 13:14:45.267" endtime="20200218 13:14:58.683" critical="yes"></status>
</test>
<doc>Automação de Processos Robóticos - Verificação de Alerta</doc>
<status status="PASS" starttime="20200218 13:14:44.004" endtime="20200218 13:14:58.688"></status>
</suite>
<statistics>
<total>
<stat pass="1" fail="0">Critical Tests</stat>
<stat pass="1" fail="0">All Tests</stat>
</total>
<tag>
</tag>
<suite>
<stat pass="1" fail="0" id="s1" name="Alerts">Alerts</stat>
</suite>
</statistics>
<errors>
</errors>
</robot>
